<?xml version="1.0" encoding="UTF-8"?>
<!-- Generated by org.testng.reporters.JUnitReportReporter -->
<testsuite skipped="0" hostname="ubuntu-ThinkPad-T450s" name="com.org.client.rest.JsonPlaceholderRestClientTest" tests="1" failures="0" timestamp="27 Oct 2019 05:54:06 GMT" time="3.808" errors="0">
  <testcase name="testJsonPlaceholderRestClient" time="3.808" classname="com.org.client.rest.JsonPlaceholderRestClientTest"/>
</testsuite> <!-- com.org.client.rest.JsonPlaceholderRestClientTest -->
